<?xml version="1.0" encoding="UTF-8"?>
<testng-results skipped="0" failed="0" ignored="0" total="1" passed="1">
  <reporter-output>
  </reporter-output>
  <suite name="Default suite" duration-ms="60080" started-at="2020-09-11T17:30:02 PDT" finished-at="2020-09-11T17:31:02 PDT">
    <groups>
    </groups>
    <test name="Default test" duration-ms="60080" started-at="2020-09-11T17:30:02 PDT" finished-at="2020-09-11T17:31:02 PDT">
      <class name="com.actitime.test.CreateCustomer">
        <test-method status="PASS" signature="openBrowser()[pri:0, instance:com.actitime.test.CreateCustomer@23faf8f2]" name="openBrowser" is-config="true" duration-ms="40761" started-at="2020-09-11T17:30:02 PDT" finished-at="2020-09-11T17:30:43 PDT">
          <reporter-output>
          </reporter-output>
        </test-method> <!-- openBrowser -->
        <test-method status="PASS" signature="Login()[pri:0, instance:com.actitime.test.CreateCustomer@23faf8f2]" name="Login" is-config="true" duration-ms="1645" started-at="2020-09-11T17:30:43 PDT" finished-at="2020-09-11T17:30:45 PDT">
          <reporter-output>
          </reporter-output>
        </test-method> <!-- Login -->
        <test-method status="PASS" signature="testCreatecustomer()[pri:0, instance:com.actitime.test.CreateCustomer@23faf8f2]" name="testCreatecustomer" duration-ms="17321" started-at="2020-09-11T17:30:45 PDT" finished-at="2020-09-11T17:31:02 PDT">
          <reporter-output>
          </reporter-output>
        </test-method> <!-- testCreatecustomer -->
        <test-method status="PASS" signature="closeBrowser()[pri:0, instance:com.actitime.test.CreateCustomer@23faf8f2]" name="closeBrowser" is-config="true" duration-ms="1" started-at="2020-09-11T17:31:02 PDT" finished-at="2020-09-11T17:31:02 PDT">
          <reporter-output>
          </reporter-output>
        </test-method> <!-- closeBrowser -->
      </class> <!-- com.actitime.test.CreateCustomer -->
    </test> <!-- Default test -->
  </suite> <!-- Default suite -->
</testng-results>
